<?xml version="1.0" encoding="UTF-8"?>
<testsuite name="com.cathaypacific.mmbbizrule.service.impl.BookingBuildServiceImplTest" time="0.212" tests="19" errors="0" skipped="0" failures="0">
  <properties>
    <property name="java.runtime.name" value="Java(TM) SE Runtime Environment"/>
    <property name="sun.boot.library.path" value="D:\JAVA\jre\bin"/>
    <property name="java.vm.version" value="25.241-b07"/>
    <property name="java.vm.vendor" value="Oracle Corporation"/>
    <property name="maven.multiModuleProjectDirectory" value="C:\Users\Administrator\git\mbbizrule"/>
    <property name="java.vendor.url" value="http://java.oracle.com/"/>
    <property name="path.separator" value=";"/>
    <property name="guice.disable.misplaced.annotation.check" value="true"/>
    <property name="java.vm.name" value="Java HotSpot(TM) 64-Bit Server VM"/>
    <property name="file.encoding.pkg" value="sun.io"/>
    <property name="user.script" value=""/>
    <property name="user.country" value="CN"/>
    <property name="sun.java.launcher" value="SUN_STANDARD"/>
    <property name="sun.os.patch.level" value=""/>
    <property name="java.vm.specification.name" value="Java Virtual Machine Specification"/>
    <property name="user.dir" value="C:\Users\Administrator\git\mbbizrule"/>
    <property name="java.runtime.version" value="1.8.0_241-b07"/>
    <property name="java.awt.graphicsenv" value="sun.awt.Win32GraphicsEnvironment"/>
    <property name="java.endorsed.dirs" value="D:\JAVA\jre\lib\endorsed"/>
    <property name="os.arch" value="amd64"/>
    <property name="java.io.tmpdir" value="C:\Users\ADMINI~1\AppData\Local\Temp\"/>
    <property name="line.separator" value="&#10;"/>
    <property name="java.vm.specification.vendor" value="Oracle Corporation"/>
    <property name="user.variant" value=""/>
    <property name="os.name" value="Windows 10"/>
    <property name="classworlds.conf" value="D:\workspace\.metadata\.plugins\org.eclipse.m2e.launching\launches\m2conf3433714993914592525.tmp"/>
    <property name="sun.jnu.encoding" value="GBK"/>
    <property name="java.library.path" value="D:\JAVA\bin;C:\windows\Sun\Java\bin;C:\windows\system32;C:\windows;D:/JRE/bin/server;D:/JRE/bin;D:/JRE/lib/amd64;C:\Program Files (x86)\Common Files\Oracle\Java\javapath;C:\windows\system32;C:\windows;C:\windows\System32\Wbem;C:\windows\System32\WindowsPowerShell\v1.0\;C:\windows\System32\OpenSSH\;C:\Program Files\NVIDIA Corporation\NVIDIA NGX;C:\Program Files (x86)\NVIDIA Corporation\PhysX\Common;C:\Program Files\NVIDIA Corporation\NVIDIA NvDLISR;C:\Users\Administrator\AppData\Local\Microsoft\WindowsApps;;D:\Eclipse\eclipse;;."/>
    <property name="java.specification.name" value="Java Platform API Specification"/>
    <property name="java.class.version" value="52.0"/>
    <property name="sun.management.compiler" value="HotSpot 64-Bit Tiered Compilers"/>
    <property name="os.version" value="10.0"/>
    <property name="user.home" value="C:\Users\Administrator"/>
    <property name="user.timezone" value="Asia/Shanghai"/>
    <property name="java.awt.printerjob" value="sun.awt.windows.WPrinterJob"/>
    <property name="java.specification.version" value="1.8"/>
    <property name="file.encoding" value="GBK"/>
    <property name="user.name" value="Administrator"/>
    <property name="java.class.path" value="D:\Eclipse\eclipse\plugins\org.eclipse.m2e.maven.runtime_1.14.0.20191209-1923\jars\plexus-classworlds-2.6.0.jar"/>
    <property name="java.vm.specification.version" value="1.8"/>
    <property name="sun.arch.data.model" value="64"/>
    <property name="java.home" value="D:\JAVA\jre"/>
    <property name="sun.java.command" value="org.codehaus.plexus.classworlds.launcher.Launcher -B install"/>
    <property name="java.specification.vendor" value="Oracle Corporation"/>
    <property name="user.language" value="zh"/>
    <property name="awt.toolkit" value="sun.awt.windows.WToolkit"/>
    <property name="java.vm.info" value="mixed mode"/>
    <property name="java.version" value="1.8.0_241"/>
    <property name="java.ext.dirs" value="D:\JAVA\jre\lib\ext;C:\windows\Sun\Java\lib\ext"/>
    <property name="sun.boot.class.path" value="D:\JAVA\jre\lib\resources.jar;D:\JAVA\jre\lib\rt.jar;D:\JAVA\jre\lib\sunrsasign.jar;D:\JAVA\jre\lib\jsse.jar;D:\JAVA\jre\lib\jce.jar;D:\JAVA\jre\lib\charsets.jar;D:\JAVA\jre\lib\jfr.jar;D:\JAVA\jre\classes"/>
    <property name="java.vendor" value="Oracle Corporation"/>
    <property name="maven.home" value="C:\Users\Administrator\git\mbbizrule\EMBEDDED"/>
    <property name="file.separator" value="\"/>
    <property name="java.vendor.url.bug" value="http://bugreport.sun.com/bugreport/"/>
    <property name="sun.cpu.endian" value="little"/>
    <property name="sun.io.unicode.encoding" value="UnicodeLittle"/>
    <property name="sun.desktop" value="windows"/>
    <property name="sun.cpu.isalist" value="amd64"/>
  </properties>
  <testcase name="test_SpecialServiceUMNR" classname="com.cathaypacific.mmbbizrule.service.impl.BookingBuildServiceImplTest" time="0.059"/>
  <testcase name="test_IncompleteRedemptionBookingEticketLogin" classname="com.cathaypacific.mmbbizrule.service.impl.BookingBuildServiceImplTest" time="0.013"/>
  <testcase name="test_CountryOfResidenceAndGenderDOB" classname="com.cathaypacific.mmbbizrule.service.impl.BookingBuildServiceImplTest" time="0.009"/>
  <testcase name="test_AsrExlSeat" classname="com.cathaypacific.mmbbizrule.service.impl.BookingBuildServiceImplTest" time="0.007"/>
  <testcase name="test_isBookingOnHold" classname="com.cathaypacific.mmbbizrule.service.impl.BookingBuildServiceImplTest" time="0.008"/>
  <testcase name="test_BaggageAllowance1" classname="com.cathaypacific.mmbbizrule.service.impl.BookingBuildServiceImplTest" time="0.009"/>
  <testcase name="test_BookingBuildIssueTicketDBMatch" classname="com.cathaypacific.mmbbizrule.service.impl.BookingBuildServiceImplTest" time="0.01"/>
  <testcase name="test_AsrExlSeat1" classname="com.cathaypacific.mmbbizrule.service.impl.BookingBuildServiceImplTest" time="0.008"/>
  <testcase name="test_BaggageAllowance" classname="com.cathaypacific.mmbbizrule.service.impl.BookingBuildServiceImplTest" time="0.008"/>
  <testcase name="test_SeatSelection" classname="com.cathaypacific.mmbbizrule.service.impl.BookingBuildServiceImplTest" time="0.01"/>
  <testcase name="test_IncompleteRedemptionBookingRlocLogin" classname="com.cathaypacific.mmbbizrule.service.impl.BookingBuildServiceImplTest" time="0.003"/>
  <testcase name="test_BookingBuildIssueTicketDBNotMatch" classname="com.cathaypacific.mmbbizrule.service.impl.BookingBuildServiceImplTest" time="0.008"/>
  <testcase name="test_BookingASREnable" classname="com.cathaypacific.mmbbizrule.service.impl.BookingBuildServiceImplTest" time="0.009"/>
  <testcase name="test_IncompleteRedemptionBookingMemberLogin" classname="com.cathaypacific.mmbbizrule.service.impl.BookingBuildServiceImplTest" time="0.01"/>
  <testcase name="test_BookingBuild1" classname="com.cathaypacific.mmbbizrule.service.impl.BookingBuildServiceImplTest" time="0.008"/>
  <testcase name="test_BookingBuild2" classname="com.cathaypacific.mmbbizrule.service.impl.BookingBuildServiceImplTest" time="0.009"/>
  <testcase name="test_BookingBuild3" classname="com.cathaypacific.mmbbizrule.service.impl.BookingBuildServiceImplTest" time="0.009"/>
  <testcase name="test_BookingBuild4" classname="com.cathaypacific.mmbbizrule.service.impl.BookingBuildServiceImplTest" time="0.007"/>
  <testcase name="test_BookingBuild5" classname="com.cathaypacific.mmbbizrule.service.impl.BookingBuildServiceImplTest" time="0.008"/>
</testsuite>